<?xml version="1.0" encoding="UTF-8"?>
<!-- Generated by org.testng.reporters.JUnitReportReporter -->
<testsuite hostname="DESKTOP-67SHSRV" failures="0" tests="2" name="com.Specifi_IO.step_Definition.CucumberDnm" time="0.003" errors="0" timestamp="2023-02-24T23:46:25 GMT" skipped="0">
  <testcase classname="com.Specifi_IO.step_Definition.CucumberDnm" name="wow" time="0.003"/>
  <system-out/>
  <testcase classname="com.Specifi_IO.step_Definition.CucumberDnm" name="xmlDnm" time="0.000"/>
  <system-out/>
</testsuite> <!-- com.Specifi_IO.step_Definition.CucumberDnm -->
